Arguments: 
  C:\Program Files\nodejs\node.exe C:\Program Files (x86)\Yarn\bin\yarn.js install

PATH: 
  C:\WINDOWS\system32;C:\WINDOWS;C:\WINDOWS\System32\Wbem;C:\WINDOWS\System32\WindowsPowerShell\v1.0\;C:\ProgramData\chocolatey\bin;C:\Program Files\nodejs\;C:\Program Files\Git\cmd;C:\Program Files (x86)\Yarn\bin\;C:\WINDOWS\System32\OpenSSH\;C:\Program Files\MySQL\MySQL Shell 8.0\bin\;C:\Users\Biel\AppData\Local\Microsoft\WindowsApps;C:\Users\Biel\AppData\Local\Programs\Microsoft VS Code\bin;C:\Users\Biel\AppData\Roaming\npm;C:\Users\Biel\AppData\Local\Yarn\bin

Yarn version: 
  1.22.4

Node version: 
  12.18.1

Platform: 
  win32 x64

Trace: 
  Error: ENOENT: no such file or directory, open 'C:\Users\Biel\AppData\Local\Yarn\Cache\v6\npm-caniuse-lite-1.0.30001135-995b1eb94404a3c9a0d7600c113c9bb27f2cd8aa-integrity\node_modules\caniuse-lite\.yarn-metadata.json'

npm manifest: 
  {
    "name": "trampae-server",
    "version": "1.0.0",
    "description": "",
    "main": "server.js",
    "scripts": {
      "server": "nodemon -w src --exec \"babel-node src/server.js --presets env\"",
      "build": "babel src -s -D -d dist --presets env",
      "start": "node dist/server.js",
      "migrate": "knex migrate:latest",
      "seed": "knex seed:run"
    },
    "keywords": [],
    "author": "",
    "license": "ISC",
    "dependencies": {
      "argon2": "^0.26.2",
      "cors": "^2.8.5",
      "dotenv": "^8.2.0",
      "express": "^4.17.1",
      "fs": "0.0.1-security",
      "joi": "^14.3.1",
      "joi-phone-number": "^4.1.0",
      "joi-phone-validator": "^1.0.0",
      "jsonwebtoken": "^8.5.1",
      "knex": "^0.21.1",
      "multer": "^1.4.2",
      "mysql": "^2.18.1",
      "nodemailer": "^6.4.11",
      "passport": "^0.4.1",
      "passport-facebook-token": "^4.0.0",
      "passport-google-plus-token": "^2.1.0",
      "sha1": "^1.1.1"
    },
    "devDependencies": {
      "babel-cli": "^6.26.0",
      "babel-preset-env": "^1.7.0",
      "nodemon": "^2.0.4"
    }
  }

yarn manifest: 
  No manifest

Lockfile: 
  No lockfile
